*** Starting uWSGI 2.0.15 (64bit) on [Fri Dec 15 10:56:35 2017] ***
compiled with version: 5.4.0 20160609 on 11 November 2017 10:43:41
os: Linux-4.10.0-40-generic #44~16.04.1-Ubuntu SMP Thu Nov 9 15:37:44 UTC 2017
nodename: ubuntu
machine: x86_64
clock source: unix
pcre jit disabled
detected number of CPU cores: 4
current working directory: /home/atguigu/scrapy/fir/bookstore
writing pidfile to uwsgi.pid
detected binary path: /home/atguigu/.virtualenvs/py2/bin/uwsgi
chdir() to /home/atguigu/scrapy/fir/bookstore
your processes number limit is 11776
your memory page size is 4096 bytes
detected max file descriptor number: 65536
lock engine: pthread robust mutexes
thunder lock: disabled (you can enable it with --thunder-lock)
probably another instance of uWSGI is running on the same address (127.0.0.1:8001).
bind(): Address already in use [core/socket.c line 769]
*** Starting uWSGI 2.0.15 (64bit) on [Fri Dec 15 10:57:14 2017] ***
compiled with version: 5.4.0 20160609 on 11 November 2017 10:43:41
os: Linux-4.10.0-40-generic #44~16.04.1-Ubuntu SMP Thu Nov 9 15:37:44 UTC 2017
nodename: ubuntu
machine: x86_64
clock source: unix
pcre jit disabled
detected number of CPU cores: 4
current working directory: /home/atguigu/scrapy/fir/bookstore
writing pidfile to uwsgi.pid
detected binary path: /home/atguigu/.virtualenvs/py2/bin/uwsgi
chdir() to /home/atguigu/scrapy/fir/bookstore
your processes number limit is 11776
your memory page size is 4096 bytes
detected max file descriptor number: 65536
lock engine: pthread robust mutexes
thunder lock: disabled (you can enable it with --thunder-lock)
uwsgi socket 0 bound to TCP address 127.0.0.1:8001 fd 3
Python version: 3.5.2 (default, Nov 23 2017, 16:37:01)  [GCC 5.4.0 20160609]
Set PythonHome to /home/atguigu/py2
Fatal Python error: Py_Initialize: Unable to get the locale encoding
ImportError: No module named 'encodings'

Current thread 0x00007f86d8ea5700 (most recent call first):
*** Starting uWSGI 2.0.15 (64bit) on [Fri Dec 15 10:57:28 2017] ***
compiled with version: 5.4.0 20160609 on 11 November 2017 10:43:41
os: Linux-4.10.0-40-generic #44~16.04.1-Ubuntu SMP Thu Nov 9 15:37:44 UTC 2017
nodename: ubuntu
machine: x86_64
clock source: unix
pcre jit disabled
detected number of CPU cores: 4
current working directory: /home/atguigu/scrapy/fir/bookstore
writing pidfile to uwsgi.pid
detected binary path: /home/atguigu/.virtualenvs/py2/bin/uwsgi
chdir() to /home/atguigu/scrapy/fir/bookstore
your processes number limit is 11776
your memory page size is 4096 bytes
detected max file descriptor number: 65536
lock engine: pthread robust mutexes
thunder lock: disabled (you can enable it with --thunder-lock)
uwsgi socket 0 bound to TCP address 127.0.0.1:8001 fd 3
Python version: 3.5.2 (default, Nov 23 2017, 16:37:01)  [GCC 5.4.0 20160609]
Set PythonHome to /home/atguigu/py2
Fatal Python error: Py_Initialize: Unable to get the locale encoding
ImportError: No module named 'encodings'

Current thread 0x00007f7804f83700 (most recent call first):
*** Starting uWSGI 2.0.15 (64bit) on [Fri Dec 15 10:59:12 2017] ***
compiled with version: 5.4.0 20160609 on 11 November 2017 10:43:41
os: Linux-4.10.0-40-generic #44~16.04.1-Ubuntu SMP Thu Nov 9 15:37:44 UTC 2017
nodename: ubuntu
machine: x86_64
clock source: unix
pcre jit disabled
detected number of CPU cores: 4
current working directory: /home/atguigu/scrapy/fir/bookstore
writing pidfile to uwsgi.pid
detected binary path: /home/atguigu/.virtualenvs/py2/bin/uwsgi
chdir() to /home/atguigu/scrapy/fir/bookstore
your processes number limit is 11776
your memory page size is 4096 bytes
detected max file descriptor number: 65536
lock engine: pthread robust mutexes
thunder lock: disabled (you can enable it with --thunder-lock)
uwsgi socket 0 bound to TCP address 127.0.0.1:8001 fd 3
Python version: 3.5.2 (default, Nov 23 2017, 16:37:01)  [GCC 5.4.0 20160609]
Set PythonHome to /home/atguigu/py2
Fatal Python error: Py_Initialize: Unable to get the locale encoding
ImportError: No module named 'encodings'

Current thread 0x00007f755480a700 (most recent call first):
*** Starting uWSGI 2.0.15 (64bit) on [Fri Dec 15 11:20:27 2017] ***
compiled with version: 5.4.0 20160609 on 11 November 2017 10:43:41
os: Linux-4.10.0-40-generic #44~16.04.1-Ubuntu SMP Thu Nov 9 15:37:44 UTC 2017
nodename: ubuntu
machine: x86_64
clock source: unix
pcre jit disabled
detected number of CPU cores: 4
current working directory: /home/atguigu/scrapy/fir/bookstore
writing pidfile to uwsgi.pid
detected binary path: /home/atguigu/.virtualenvs/py2/bin/uwsgi
chdir() to /home/atguigu/scrapy/fir/bookstore
your processes number limit is 11776
your memory page size is 4096 bytes
detected max file descriptor number: 65536
lock engine: pthread robust mutexes
thunder lock: disabled (you can enable it with --thunder-lock)
uwsgi socket 0 bound to TCP address 127.0.0.1:8001 fd 3
Python version: 3.5.2 (default, Nov 23 2017, 16:37:01)  [GCC 5.4.0 20160609]
Set PythonHome to /home/atguigu/.virtualenvs/py2
Python main interpreter initialized at 0xe61ae0
python threads support enabled
your server socket listen backlog is limited to 100 connections
your mercy for graceful operations on workers is 60 seconds
mapped 415280 bytes (405 KB) for 8 cores
*** Operational MODE: preforking+threaded ***
unable to load app 0 (mountpoint='') (callable not found or import error)
WSGI app 0 (mountpoint='') ready in 4 seconds on interpreter 0xe61ae0 pid: 40463 (default app)
*** uWSGI is running in multiple interpreter mode ***
spawned uWSGI master process (pid: 40463)
spawned uWSGI worker 1 (pid: 40465, cores: 2)
spawned uWSGI worker 2 (pid: 40466, cores: 2)
spawned uWSGI worker 3 (pid: 40467, cores: 2)
spawned uWSGI worker 4 (pid: 40469, cores: 2)
invalid request block size: 21573 (max 4096)...skip
invalid request block size: 21573 (max 4096)...skip
invalid request block size: 21573 (max 4096)...skip
invalid request block size: 21573 (max 4096)...skip
invalid request block size: 21573 (max 4096)...skip
invalid request block size: 21573 (max 4096)...skip
invalid request block size: 21573 (max 4096)...skip
invalid request block size: 21573 (max 4096)...skip
invalid request block size: 21573 (max 4096)...skip
invalid request block size: 21573 (max 4096)...skip
invalid request block size: 21573 (max 4096)...skip
invalid request block size: 21573 (max 4096)...skip
Middleware executed
Another middleware executed
AnotherMiddleware process_response executed
[pid: 40469|app: 0|req: 1/1] 192.168.16.25 () {40 vars in 680 bytes} [Fri Dec 15 03:27:20 2017] GET / => generated 2663 bytes in 301 msecs (HTTP/1.1 404) 2 headers in 80 bytes (1 switches on core 0)
Middleware executed
Another middleware executed
AnotherMiddleware process_response executed
[pid: 40466|app: 0|req: 1/2] 192.168.16.25 () {40 vars in 663 bytes} [Fri Dec 15 03:27:20 2017] GET /favicon.ico => generated 2696 bytes in 281 msecs (HTTP/1.1 404) 2 headers in 80 bytes (1 switches on core 0)
AnotherMiddleware process_response executed
[pid: 40467|app: 0|req: 1/3] 192.168.16.25 () {40 vars in 702 bytes} [Fri Dec 15 03:27:35 2017] GET /books/index => generated 0 bytes in 367 msecs (HTTP/1.1 301) 3 headers in 153 bytes (1 switches on core 1)
Middleware executed
Another middleware executed
未未未未未未未未加载缓存
AnotherMiddleware process_response executed
[pid: 40466|app: 0|req: 2/4] 192.168.16.25 () {40 vars in 704 bytes} [Fri Dec 15 03:27:36 2017] GET /books/index/ => generated 15096 bytes in 218 msecs (HTTP/1.1 200) 4 headers in 233 bytes (1 switches on core 1)
Middleware executed
Another middleware executed
AnotherMiddleware process_response executed
[pid: 40466|app: 0|req: 3/5] 192.168.16.25 () {44 vars in 735 bytes} [Fri Dec 15 03:27:36 2017] GET /cart/count/ => generated 10 bytes in 19 msecs (HTTP/1.1 200) 3 headers in 94 bytes (1 switches on core 0)
Middleware executed
Another middleware executed
未未未未未未未未加载缓存
AnotherMiddleware process_response executed
[pid: 40465|app: 0|req: 1/6] 192.168.16.25 () {44 vars in 792 bytes} [Fri Dec 15 03:36:37 2017] GET /books/index/ => generated 15096 bytes in 426 msecs (HTTP/1.1 200) 4 headers in 233 bytes (1 switches on core 1)
Middleware executed
Another middleware executed
AnotherMiddleware process_response executed
[pid: 40469|app: 0|req: 2/7] 192.168.16.25 () {44 vars in 735 bytes} [Fri Dec 15 03:36:37 2017] GET /cart/count/ => generated 10 bytes in 47 msecs (HTTP/1.1 200) 3 headers in 94 bytes (1 switches on core 1)
Middleware executed
Another middleware executed
未未未未未未未未加载缓存
AnotherMiddleware process_response executed
[pid: 40465|app: 0|req: 2/8] 192.168.16.25 () {44 vars in 792 bytes} [Fri Dec 15 03:36:43 2017] GET /books/index/ => generated 15096 bytes in 251 msecs (HTTP/1.1 200) 4 headers in 233 bytes (1 switches on core 0)
Middleware executed
Another middleware executed
AnotherMiddleware process_response executed
[pid: 40465|app: 0|req: 3/9] 192.168.16.25 () {44 vars in 735 bytes} [Fri Dec 15 03:36:43 2017] GET /cart/count/ => generated 10 bytes in 9 msecs (HTTP/1.1 200) 3 headers in 94 bytes (1 switches on core 1)
Middleware executed
Another middleware executed
AnotherMiddleware process_response executed
[pid: 40466|app: 0|req: 4/10] 192.168.16.25 () {44 vars in 813 bytes} [Fri Dec 15 03:39:33 2017] GET /user/login/ => generated 3916 bytes in 119 msecs (HTTP/1.1 200) 2 headers in 88 bytes (1 switches on core 0)
Middleware executed
Another middleware executed
AnotherMiddleware process_response executed
[pid: 40467|app: 0|req: 2/11] 192.168.16.25 () {42 vars in 741 bytes} [Fri Dec 15 03:39:33 2017] GET /user/verifycode/ => generated 1691 bytes in 275 msecs (HTTP/1.1 200) 4 headers in 218 bytes (1 switches on core 0)
Middleware executed
Another middleware executed
AnotherMiddleware process_response executed
[pid: 40466|app: 0|req: 5/12] 192.168.16.25 () {42 vars in 737 bytes} [Fri Dec 15 03:56:54 2017] GET / => generated 2663 bytes in 24 msecs (HTTP/1.1 404) 2 headers in 80 bytes (1 switches on core 1)
Middleware executed
Another middleware executed
AnotherMiddleware process_response executed
[pid: 40466|app: 0|req: 6/13] 192.168.16.25 () {44 vars in 768 bytes} [Fri Dec 15 03:56:58 2017] GET / => generated 2663 bytes in 12 msecs (HTTP/1.1 404) 2 headers in 80 bytes (1 switches on core 0)
Middleware executed
Another middleware executed
AnotherMiddleware process_response executed
[pid: 40465|app: 0|req: 4/14] 192.168.16.25 () {44 vars in 768 bytes} [Fri Dec 15 03:56:59 2017] GET / => generated 2663 bytes in 26 msecs (HTTP/1.1 404) 2 headers in 80 bytes (1 switches on core 0)
Middleware executed
Another middleware executed
AnotherMiddleware process_response executed
[pid: 40467|app: 0|req: 3/15] 192.168.16.25 () {44 vars in 768 bytes} [Fri Dec 15 03:57:00 2017] GET / => generated 2663 bytes in 12 msecs (HTTP/1.1 404) 2 headers in 80 bytes (1 switches on core 1)
Middleware executed
Another middleware executed
AnotherMiddleware process_response executed
[pid: 40465|app: 0|req: 5/16] 127.0.0.1 () {42 vars in 787 bytes} [Fri Dec 15 03:57:15 2017] GET / => generated 2659 bytes in 7 msecs (HTTP/1.1 404) 2 headers in 80 bytes (1 switches on core 1)
Middleware executed
Another middleware executed
AnotherMiddleware process_response executed
[pid: 40467|app: 0|req: 4/17] 127.0.0.1 () {42 vars in 766 bytes} [Fri Dec 15 03:57:15 2017] GET /favicon.ico => generated 2692 bytes in 21 msecs (HTTP/1.1 404) 2 headers in 80 bytes (1 switches on core 0)
AnotherMiddleware process_response executed
[pid: 40466|app: 0|req: 7/18] 127.0.0.1 () {42 vars in 809 bytes} [Fri Dec 15 06:05:50 2017] GET /books/index => generated 0 bytes in 27 msecs (HTTP/1.1 301) 3 headers in 149 bytes (1 switches on core 1)
Middleware executed
Another middleware executed
未未未未未未未未加载缓存
AnotherMiddleware process_response executed
[pid: 40465|app: 0|req: 6/19] 127.0.0.1 () {42 vars in 811 bytes} [Fri Dec 15 06:05:50 2017] GET /books/index/ => generated 15453 bytes in 258 msecs (HTTP/1.1 200) 4 headers in 233 bytes (1 switches on core 0)
Middleware executed
Another middleware executed
AnotherMiddleware process_response executed
[pid: 40467|app: 0|req: 5/20] 127.0.0.1 () {44 vars in 781 bytes} [Fri Dec 15 06:05:51 2017] GET /cart/count/ => generated 10 bytes in 102 msecs (HTTP/1.1 200) 3 headers in 94 bytes (1 switches on core 0)
Middleware executed
Another middleware executed
AnotherMiddleware process_response executed
[pid: 40465|app: 0|req: 7/21] 127.0.0.1 () {44 vars in 865 bytes} [Fri Dec 15 06:06:20 2017] GET /books/books/2/ => generated 11391 bytes in 108 msecs (HTTP/1.1 200) 5 headers in 355 bytes (1 switches on core 1)
Middleware executed
Another middleware executed
AnotherMiddleware process_response executed
[pid: 40469|app: 0|req: 3/22] 127.0.0.1 () {44 vars in 795 bytes} [Fri Dec 15 06:06:20 2017] GET /comment/comment/2 => generated 2710 bytes in 22 msecs (HTTP/1.1 404) 2 headers in 80 bytes (1 switches on core 0)
Middleware executed
Another middleware executed
AnotherMiddleware process_response executed
[pid: 40465|app: 0|req: 8/23] 127.0.0.1 () {44 vars in 783 bytes} [Fri Dec 15 06:06:20 2017] GET /cart/count/ => generated 10 bytes in 1 msecs (HTTP/1.1 200) 3 headers in 94 bytes (1 switches on core 0)
Middleware executed
Another middleware executed
AnotherMiddleware process_response executed
[pid: 40465|app: 0|req: 9/24] 127.0.0.1 () {50 vars in 978 bytes} [Fri Dec 15 06:06:40 2017] POST /comment/comment/2/ => generated 2714 bytes in 19 msecs (HTTP/1.1 404) 2 headers in 80 bytes (1 switches on core 0)
Middleware executed
Another middleware executed
AnotherMiddleware process_response executed
[pid: 40469|app: 0|req: 4/25] 127.0.0.1 () {50 vars in 978 bytes} [Fri Dec 15 06:06:41 2017] POST /comment/comment/2/ => generated 2714 bytes in 4 msecs (HTTP/1.1 404) 2 headers in 80 bytes (1 switches on core 0)
Middleware executed
Another middleware executed
AnotherMiddleware process_response executed
[pid: 40469|app: 0|req: 5/26] 127.0.0.1 () {50 vars in 978 bytes} [Fri Dec 15 06:06:41 2017] POST /comment/comment/2/ => generated 2714 bytes in 5 msecs (HTTP/1.1 404) 2 headers in 80 bytes (1 switches on core 1)
Middleware executed
Another middleware executed
AnotherMiddleware process_response executed
[pid: 40467|app: 0|req: 6/27] 127.0.0.1 () {50 vars in 978 bytes} [Fri Dec 15 06:06:41 2017] POST /comment/comment/2/ => generated 2714 bytes in 15 msecs (HTTP/1.1 404) 2 headers in 80 bytes (1 switches on core 1)
Middleware executed
Another middleware executed
AnotherMiddleware process_response executed
[pid: 40469|app: 0|req: 6/28] 127.0.0.1 () {50 vars in 978 bytes} [Fri Dec 15 06:06:41 2017] POST /comment/comment/2/ => generated 2714 bytes in 4 msecs (HTTP/1.1 404) 2 headers in 80 bytes (1 switches on core 0)
Middleware executed
Another middleware executed
AnotherMiddleware process_response executed
[pid: 40466|app: 0|req: 8/29] 127.0.0.1 () {50 vars in 978 bytes} [Fri Dec 15 06:06:42 2017] POST /comment/comment/2/ => generated 2714 bytes in 11 msecs (HTTP/1.1 404) 2 headers in 80 bytes (1 switches on core 0)
Middleware executed
Another middleware executed
AnotherMiddleware process_response executed
[pid: 40466|app: 0|req: 9/30] 127.0.0.1 () {50 vars in 978 bytes} [Fri Dec 15 06:06:42 2017] POST /comment/comment/2/ => generated 2714 bytes in 10 msecs (HTTP/1.1 404) 2 headers in 80 bytes (1 switches on core 1)
Middleware executed
Another middleware executed
AnotherMiddleware process_response executed
[pid: 40466|app: 0|req: 10/31] 127.0.0.1 () {50 vars in 978 bytes} [Fri Dec 15 06:06:42 2017] POST /comment/comment/2/ => generated 2714 bytes in 13 msecs (HTTP/1.1 404) 2 headers in 80 bytes (1 switches on core 0)
Middleware executed
Another middleware executed
AnotherMiddleware process_response executed
[pid: 40469|app: 0|req: 7/32] 127.0.0.1 () {50 vars in 978 bytes} [Fri Dec 15 06:06:42 2017] POST /comment/comment/2/ => generated 2714 bytes in 4 msecs (HTTP/1.1 404) 2 headers in 80 bytes (1 switches on core 1)
Middleware executed
Another middleware executed
AnotherMiddleware process_response executed
[pid: 40467|app: 0|req: 7/33] 127.0.0.1 () {50 vars in 978 bytes} [Fri Dec 15 06:06:42 2017] POST /comment/comment/2/ => generated 2714 bytes in 7 msecs (HTTP/1.1 404) 2 headers in 80 bytes (1 switches on core 0)
Middleware executed
Another middleware executed
AnotherMiddleware process_response executed
[pid: 40467|app: 0|req: 8/34] 127.0.0.1 () {50 vars in 978 bytes} [Fri Dec 15 06:06:43 2017] POST /comment/comment/2/ => generated 2714 bytes in 4 msecs (HTTP/1.1 404) 2 headers in 80 bytes (1 switches on core 1)
Middleware executed
Another middleware executed
AnotherMiddleware process_response executed
[pid: 40467|app: 0|req: 9/35] 127.0.0.1 () {50 vars in 978 bytes} [Fri Dec 15 06:06:43 2017] POST /comment/comment/2/ => generated 2714 bytes in 5 msecs (HTTP/1.1 404) 2 headers in 80 bytes (1 switches on core 0)
Middleware executed
Another middleware executed
AnotherMiddleware process_response executed
[pid: 40467|app: 0|req: 10/36] 127.0.0.1 () {50 vars in 978 bytes} [Fri Dec 15 06:06:43 2017] POST /comment/comment/2/ => generated 2714 bytes in 20 msecs (HTTP/1.1 404) 2 headers in 80 bytes (1 switches on core 1)
Middleware executed
Another middleware executed
AnotherMiddleware process_response executed
[pid: 40467|app: 0|req: 11/37] 127.0.0.1 () {50 vars in 978 bytes} [Fri Dec 15 06:06:43 2017] POST /comment/comment/2/ => generated 2714 bytes in 19 msecs (HTTP/1.1 404) 2 headers in 80 bytes (1 switches on core 0)
Middleware executed
Another middleware executed
AnotherMiddleware process_response executed
[pid: 40469|app: 0|req: 8/38] 127.0.0.1 () {50 vars in 978 bytes} [Fri Dec 15 06:06:44 2017] POST /comment/comment/2/ => generated 2714 bytes in 22 msecs (HTTP/1.1 404) 2 headers in 80 bytes (1 switches on core 0)
Middleware executed
Another middleware executed
AnotherMiddleware process_response executed
[pid: 40467|app: 0|req: 12/39] 127.0.0.1 () {50 vars in 978 bytes} [Fri Dec 15 06:06:45 2017] POST /comment/comment/2/ => generated 2714 bytes in 3 msecs (HTTP/1.1 404) 2 headers in 80 bytes (1 switches on core 1)
Middleware executed
Another middleware executed
AnotherMiddleware process_response executed
[pid: 40465|app: 0|req: 10/40] 127.0.0.1 () {50 vars in 978 bytes} [Fri Dec 15 06:06:45 2017] POST /comment/comment/2/ => generated 2714 bytes in 7 msecs (HTTP/1.1 404) 2 headers in 80 bytes (1 switches on core 1)
Middleware executed
Another middleware executed
AnotherMiddleware process_response executed
[pid: 40465|app: 0|req: 11/41] 127.0.0.1 () {50 vars in 978 bytes} [Fri Dec 15 06:06:45 2017] POST /comment/comment/2/ => generated 2714 bytes in 4 msecs (HTTP/1.1 404) 2 headers in 80 bytes (1 switches on core 0)
Middleware executed
Another middleware executed
AnotherMiddleware process_response executed
[pid: 40465|app: 0|req: 12/42] 127.0.0.1 () {50 vars in 978 bytes} [Fri Dec 15 06:07:02 2017] POST /comment/comment/2/ => generated 2714 bytes in 4 msecs (HTTP/1.1 404) 2 headers in 80 bytes (1 switches on core 1)
Middleware executed
Another middleware executed
AnotherMiddleware process_response executed
[pid: 40469|app: 0|req: 9/43] 127.0.0.1 () {50 vars in 978 bytes} [Fri Dec 15 06:07:06 2017] POST /comment/comment/2/ => generated 2714 bytes in 5 msecs (HTTP/1.1 404) 2 headers in 80 bytes (1 switches on core 1)
